<?xml version="1.0" encoding="UTF-8"?>
<!-- Generated by org.testng.reporters.JUnitReportReporter -->
<testsuite hostname="DESKTOP-KV35ATA" failures="0" tests="1" name="Test_Demo.Test_3" time="0.066" errors="0" timestamp="2022-11-07T20:43:59 IST" skipped="0">
  <testcase classname="Test_Demo.Test_3" name="Test_002" time="0.066"/>
  <system-out/>
</testsuite> <!-- Test_Demo.Test_3 -->
