<?xml version="1.0" encoding="UTF-8"?>
<!-- Generated by org.testng.reporters.JUnitReportReporter -->
<testsuite hostname="DESKTOP-KV35ATA" failures="0" tests="3" name="Test_Demo.Test_6" time="0.034" errors="0" timestamp="2022-10-20T15:37:16 IST" skipped="0">
  <testcase classname="Test_Demo.Test_6" name="test_001" time="0.028"/>
  <system-out/>
  <testcase classname="Test_Demo.Test_6" name="test_003" time="0.003"/>
  <system-out/>
  <testcase classname="Test_Demo.Test_6" name="test_002" time="0.003"/>
  <system-out/>
</testsuite> <!-- Test_Demo.Test_6 -->
