<?xml version="1.0" encoding="UTF-8"?>
<!-- Generated by org.testng.reporters.JUnitReportReporter -->
<testsuite hostname="DESKTOP-KV35ATA" failures="0" tests="2" name="Test_Demo.Test_2" time="0.018" errors="0" timestamp="2022-10-20T14:53:14 IST" skipped="0">
  <testcase classname="Test_Demo.Test_2" name="Test_002" time="0.014"/>
  <system-out/>
  <testcase classname="Test_Demo.Test_2" name="Test_001" time="0.004"/>
  <system-out/>
</testsuite> <!-- Test_Demo.Test_2 -->
