<?xml version="1.0" encoding="UTF-8"?>
<!-- Generated by org.testng.reporters.JUnitReportReporter -->
<testsuite hostname="DESKTOP-KV35ATA" failures="0" tests="1" name="Test_Demo.Test_5" time="9.555" errors="0" timestamp="2022-10-20T14:53:14 IST" skipped="0">
  <testcase classname="Test_Demo.Test_5" name="test_005" time="9.555"/>
  <system-out/>
</testsuite> <!-- Test_Demo.Test_5 -->
